<?xml version="1.0" encoding="UTF-8"?>
<testsuite name="com.kodilla.KodillaCourseApplicationTests" tests="1" skipped="0" failures="0" errors="0" timestamp="2020-05-24T11:40:56" hostname="MacBook-Pro-DarekMarta.local" time="0.462">
  <properties/>
  <testcase name="contextLoads()" classname="com.kodilla.KodillaCourseApplicationTests" time="0.462"/>
  <system-out><![CDATA[13:40:38.954 [Test worker] DEBUG org.springframework.test.context.BootstrapUtils - Instantiating CacheAwareContextLoaderDelegate from class [org.springframework.test.context.cache.DefaultCacheAwareContextLoaderDelegate]
13:40:38.970 [Test worker] DEBUG org.springframework.test.context.BootstrapUtils - Instantiating BootstrapContext using constructor [public org.springframework.test.context.support.DefaultBootstrapContext(java.lang.Class,org.springframework.test.context.CacheAwareContextLoaderDelegate)]
13:40:39.018 [Test worker] DEBUG org.springframework.test.context.BootstrapUtils - Instantiating TestContextBootstrapper for test class [com.kodilla.KodillaCourseApplicationTests] from class [org.springframework.boot.test.context.SpringBootTestContextBootstrapper]
13:40:39.042 [Test worker] INFO org.springframework.boot.test.context.SpringBootTestContextBootstrapper - Neither @ContextConfiguration nor @ContextHierarchy found for test class [com.kodilla.KodillaCourseApplicationTests], using SpringBootContextLoader
13:40:39.050 [Test worker] DEBUG org.springframework.test.context.support.AbstractContextLoader - Did not detect default resource location for test class [com.kodilla.KodillaCourseApplicationTests]: class path resource [com/kodilla/KodillaCourseApplicationTests-context.xml] does not exist
13:40:39.050 [Test worker] DEBUG org.springframework.test.context.support.AbstractContextLoader - Did not detect default resource location for test class [com.kodilla.KodillaCourseApplicationTests]: class path resource [com/kodilla/KodillaCourseApplicationTestsContext.groovy] does not exist
13:40:39.051 [Test worker] INFO org.springframework.test.context.support.AbstractContextLoader - Could not detect default resource locations for test class [com.kodilla.KodillaCourseApplicationTests]: no resource found for suffixes {-context.xml, Context.groovy}.
13:40:39.052 [Test worker] INFO org.springframework.test.context.support.AnnotationConfigContextLoaderUtils - Could not detect default configuration classes for test class [com.kodilla.KodillaCourseApplicationTests]: KodillaCourseApplicationTests does not declare any static, non-private, non-final, nested classes annotated with @Configuration.
13:40:39.113 [Test worker] DEBUG org.springframework.test.context.support.ActiveProfilesUtils - Could not find an 'annotation declaring class' for annotation type [org.springframework.test.context.ActiveProfiles] and class [com.kodilla.KodillaCourseApplicationTests]
13:40:39.191 [Test worker] DEBUG org.springframework.context.annotation.ClassPathScanningCandidateComponentProvider - Identified candidate component class: file [/Users/darekmarta/IdeaProjects/kodilla-course/build/classes/java/main/com/kodilla/KodillaCourseApplication.class]
13:40:39.192 [Test worker] INFO org.springframework.boot.test.context.SpringBootTestContextBootstrapper - Found @SpringBootConfiguration com.kodilla.KodillaCourseApplication for test class com.kodilla.KodillaCourseApplicationTests
13:40:39.313 [Test worker] DEBUG org.springframework.boot.test.context.SpringBootTestContextBootstrapper - @TestExecutionListeners is not present for class [com.kodilla.KodillaCourseApplicationTests]: using defaults.
13:40:39.314 [Test worker] INFO org.springframework.boot.test.context.SpringBootTestContextBootstrapper - Loaded default TestExecutionListener class names from location [META-INF/spring.factories]: [org.springframework.boot.test.autoconfigure.restdocs.RestDocsTestExecutionListener, org.springframework.boot.test.autoconfigure.web.client.MockRestServiceServerResetTestExecutionListener, org.springframework.boot.test.autoconfigure.web.servlet.MockMvcPrintOnlyOnFailureTestExecutionListener, org.springframework.boot.test.autoconfigure.web.servlet.WebDriverTestExecutionListener, org.springframework.boot.test.mock.mockito.MockitoTestExecutionListener, org.springframework.boot.test.mock.mockito.ResetMocksTestExecutionListener, org.springframework.test.context.web.ServletTestExecutionListener, org.springframework.test.context.support.DirtiesContextBeforeModesTestExecutionListener, org.springframework.test.context.support.DependencyInjectionTestExecutionListener, org.springframework.test.context.support.DirtiesContextTestExecutionListener, org.springframework.test.context.transaction.TransactionalTestExecutionListener, org.springframework.test.context.jdbc.SqlScriptsTestExecutionListener, org.springframework.test.context.event.EventPublishingTestExecutionListener]
13:40:39.328 [Test worker] DEBUG org.springframework.boot.test.context.SpringBootTestContextBootstrapper - Skipping candidate TestExecutionListener [org.springframework.test.context.transaction.TransactionalTestExecutionListener] due to a missing dependency. Specify custom listener classes or make the default listener classes and their required dependencies available. Offending class: [org/springframework/transaction/interceptor/TransactionAttributeSource]
13:40:39.329 [Test worker] DEBUG org.springframework.boot.test.context.SpringBootTestContextBootstrapper - Skipping candidate TestExecutionListener [org.springframework.test.context.jdbc.SqlScriptsTestExecutionListener] due to a missing dependency. Specify custom listener classes or make the default listener classes and their required dependencies available. Offending class: [org/springframework/transaction/interceptor/TransactionAttribute]
13:40:39.329 [Test worker] INFO org.springframework.boot.test.context.SpringBootTestContextBootstrapper - Using TestExecutionListeners: [org.springframework.test.context.web.ServletTestExecutionListener@4d87a754, org.springframework.test.context.support.DirtiesContextBeforeModesTestExecutionListener@1466a5fb, org.springframework.boot.test.mock.mockito.MockitoTestExecutionListener@3e2e66b5, org.springframework.boot.test.autoconfigure.SpringBootDependencyInjectionTestExecutionListener@112e6a6, org.springframework.test.context.support.DirtiesContextTestExecutionListener@715f4cd7, org.springframework.test.context.event.EventPublishingTestExecutionListener@50b7767a, org.springframework.boot.test.autoconfigure.restdocs.RestDocsTestExecutionListener@1de1b917, org.springframework.boot.test.autoconfigure.web.client.MockRestServiceServerResetTestExecutionListener@bd05bdb, org.springframework.boot.test.autoconfigure.web.servlet.MockMvcPrintOnlyOnFailureTestExecutionListener@628782, org.springframework.boot.test.autoconfigure.web.servlet.WebDriverTestExecutionListener@6b0d2552, org.springframework.boot.test.mock.mockito.ResetMocksTestExecutionListener@7bb40025]
13:40:39.334 [Test worker] DEBUG org.springframework.test.context.support.AbstractDirtiesContextTestExecutionListener - Before test class: context [DefaultTestContext@53a3731b testClass = KodillaCourseApplicationTests, testInstance = [null], testMethod = [null], testException = [null], mergedContextConfiguration = [WebMergedContextConfiguration@2941b006 testClass = KodillaCourseApplicationTests, locations = '{}', classes = '{class com.kodilla.KodillaCourseApplication}', contextInitializerClasses = '[]', activeProfiles = '{}', propertySourceLocations = '{}', propertySourceProperties = '{org.springframework.boot.test.context.SpringBootTestContextBootstrapper=true}', contextCustomizers = set[org.springframework.boot.test.autoconfigure.properties.PropertyMappingContextCustomizer@0, org.springframework.boot.test.autoconfigure.web.servlet.WebDriverContextCustomizerFactory$Customizer@5cc15b68, org.springframework.boot.test.context.filter.ExcludeFilterContextCustomizer@56479a60, org.springframework.boot.test.json.DuplicateJsonObjectContextCustomizerFactory$DuplicateJsonObjectContextCustomizer@40c95060, org.springframework.boot.test.mock.mockito.MockitoContextCustomizer@0, org.springframework.boot.test.web.client.TestRestTemplateContextCustomizer@5e1dfca6], resourceBasePath = 'src/main/webapp', contextLoader = 'org.springframework.boot.test.context.SpringBootContextLoader', parent = [null]], attributes = map['org.springframework.test.context.web.ServletTestExecutionListener.activateListener' -> true]], class annotated with @DirtiesContext [false] with mode [null].
13:40:39.371 [Test worker] DEBUG org.springframework.test.context.support.TestPropertySourceUtils - Adding inlined properties to environment: {spring.jmx.enabled=false, org.springframework.boot.test.context.SpringBootTestContextBootstrapper=true, server.port=-1}

  .   ____          _            __ _ _
 /\\ / ___'_ __ _ _(_)_ __  __ _ \ \ \ \
( ( )\___ | '_ | '_| | '_ \/ _` | \ \ \ \
 \\/  ___)| |_)| | | | | || (_| |  ) ) ) )
  '  |____| .__|_| |_|_| |_\__, | / / / /
 =========|_|==============|___/=/_/_/_/
 :: Spring Boot ::        (v2.2.4.RELEASE)

2020-05-24 13:40:49.715  WARN 1062 --- [    Test worker] o.s.boot.StartupInfoLogger               : InetAddress.getLocalHost().getHostName() took 5003 milliseconds to respond. Please verify your network configuration (macOS machines may need to add entries to /etc/hosts).
2020-05-24 13:40:54.725  INFO 1062 --- [    Test worker] c.kodilla.KodillaCourseApplicationTests  : Starting KodillaCourseApplicationTests on MacBook-Pro-DarekMarta.local with PID 1062 (started by darekmarta in /Users/darekmarta/IdeaProjects/kodilla-course)
2020-05-24 13:40:54.726  INFO 1062 --- [    Test worker] c.kodilla.KodillaCourseApplicationTests  : No active profile set, falling back to default profiles: default
2020-05-24 13:40:56.415  INFO 1062 --- [    Test worker] o.s.s.concurrent.ThreadPoolTaskExecutor  : Initializing ExecutorService 'applicationTaskExecutor'
2020-05-24 13:40:56.767  INFO 1062 --- [    Test worker] c.kodilla.KodillaCourseApplicationTests  : Started KodillaCourseApplicationTests in 17.379 seconds (JVM running for 18.829)
]]></system-out>
  <system-err><![CDATA[]]></system-err>
</testsuite>
