<?xml version="1.0" encoding="UTF-8"?>
<testsuite name="com.kodilla.patterns2.facade.ShopServiceTestSuite" tests="2" skipped="0" failures="0" errors="0" timestamp="2020-05-23T19:59:19" hostname="MacBook-Pro-DarekMarta.local" time="0.584">
  <properties/>
  <testcase name="testShopServiceSubmitOrder" classname="com.kodilla.patterns2.facade.ShopServiceTestSuite" time="0.503"/>
  <testcase name="testShopFacade" classname="com.kodilla.patterns2.facade.ShopServiceTestSuite" time="0.08"/>
  <system-out><![CDATA[21:59:02.059 [Test worker] DEBUG org.springframework.test.annotation.ProfileValueUtils - Retrieved @ProfileValueSourceConfiguration [null] for test class [com.kodilla.patterns2.facade.ShopServiceTestSuite]
21:59:02.060 [Test worker] DEBUG org.springframework.test.annotation.ProfileValueUtils - Retrieved ProfileValueSource type [class org.springframework.test.annotation.SystemProfileValueSource] for class [com.kodilla.patterns2.facade.ShopServiceTestSuite]
21:59:02.062 [Test worker] DEBUG org.springframework.test.annotation.ProfileValueUtils - Retrieved @ProfileValueSourceConfiguration [null] for test class [com.kodilla.patterns2.facade.ShopServiceTestSuite]
21:59:02.062 [Test worker] DEBUG org.springframework.test.annotation.ProfileValueUtils - Retrieved ProfileValueSource type [class org.springframework.test.annotation.SystemProfileValueSource] for class [com.kodilla.patterns2.facade.ShopServiceTestSuite]
21:59:02.073 [Test worker] DEBUG org.springframework.test.context.support.AbstractDirtiesContextTestExecutionListener - Before test class: context [DefaultTestContext@c2a52f0 testClass = ShopServiceTestSuite, testInstance = [null], testMethod = [null], testException = [null], mergedContextConfiguration = [MergedContextConfiguration@1bdee3f0 testClass = ShopServiceTestSuite, locations = '{}', classes = '{class com.kodilla.patterns2.KodillaPatterns2Application}', contextInitializerClasses = '[]', activeProfiles = '{}', propertySourceLocations = '{}', propertySourceProperties = '{org.springframework.boot.test.context.SpringBootTestContextBootstrapper=true}', contextCustomizers = set[org.springframework.boot.test.autoconfigure.properties.PropertyMappingContextCustomizer@0, org.springframework.boot.test.autoconfigure.web.servlet.WebDriverContextCustomizerFactory$Customizer@2dbd34d2, org.springframework.boot.test.context.filter.ExcludeFilterContextCustomizer@5edaef80, org.springframework.boot.test.json.DuplicateJsonObjectContextCustomizerFactory$DuplicateJsonObjectContextCustomizer@525fafde, org.springframework.boot.test.mock.mockito.MockitoContextCustomizer@0, org.springframework.boot.test.web.client.TestRestTemplateContextCustomizer@59276322, org.springframework.boot.test.context.SpringBootTestArgs@1], contextLoader = 'org.springframework.boot.test.context.SpringBootContextLoader', parent = [null]], attributes = map[[empty]]], class annotated with @DirtiesContext [false] with mode [null].
21:59:02.078 [Test worker] DEBUG org.springframework.test.annotation.ProfileValueUtils - Retrieved @ProfileValueSourceConfiguration [null] for test class [com.kodilla.patterns2.facade.ShopServiceTestSuite]
21:59:02.078 [Test worker] DEBUG org.springframework.test.annotation.ProfileValueUtils - Retrieved ProfileValueSource type [class org.springframework.test.annotation.SystemProfileValueSource] for class [com.kodilla.patterns2.facade.ShopServiceTestSuite]
21:59:02.088 [Test worker] DEBUG org.springframework.test.context.support.DependencyInjectionTestExecutionListener - Performing dependency injection for test context [[DefaultTestContext@c2a52f0 testClass = ShopServiceTestSuite, testInstance = com.kodilla.patterns2.facade.ShopServiceTestSuite@3b8d8335, testMethod = [null], testException = [null], mergedContextConfiguration = [MergedContextConfiguration@1bdee3f0 testClass = ShopServiceTestSuite, locations = '{}', classes = '{class com.kodilla.patterns2.KodillaPatterns2Application}', contextInitializerClasses = '[]', activeProfiles = '{}', propertySourceLocations = '{}', propertySourceProperties = '{org.springframework.boot.test.context.SpringBootTestContextBootstrapper=true}', contextCustomizers = set[org.springframework.boot.test.autoconfigure.properties.PropertyMappingContextCustomizer@0, org.springframework.boot.test.autoconfigure.web.servlet.WebDriverContextCustomizerFactory$Customizer@2dbd34d2, org.springframework.boot.test.context.filter.ExcludeFilterContextCustomizer@5edaef80, org.springframework.boot.test.json.DuplicateJsonObjectContextCustomizerFactory$DuplicateJsonObjectContextCustomizer@525fafde, org.springframework.boot.test.mock.mockito.MockitoContextCustomizer@0, org.springframework.boot.test.web.client.TestRestTemplateContextCustomizer@59276322, org.springframework.boot.test.context.SpringBootTestArgs@1], contextLoader = 'org.springframework.boot.test.context.SpringBootContextLoader', parent = [null]], attributes = map[[empty]]]].
21:59:02.147 [Test worker] DEBUG org.springframework.test.context.support.TestPropertySourceUtils - Adding inlined properties to environment: {spring.jmx.enabled=false, org.springframework.boot.test.context.SpringBootTestContextBootstrapper=true}

  .   ____          _            __ _ _
 /\\ / ___'_ __ _ _(_)_ __  __ _ \ \ \ \
( ( )\___ | '_ | '_| | '_ \/ _` | \ \ \ \
 \\/  ___)| |_)| | | | | || (_| |  ) ) ) )
  '  |____| .__|_| |_|_| |_\__, | / / / /
 =========|_|==============|___/=/_/_/_/
 :: Spring Boot ::        (v2.3.0.RELEASE)

2020-05-23 21:59:12.637  WARN 888 --- [    Test worker] o.s.boot.StartupInfoLogger               : InetAddress.getLocalHost().getHostName() took 5003 milliseconds to respond. Please verify your network configuration (macOS machines may need to add entries to /etc/hosts).
2020-05-23 21:59:17.644  INFO 888 --- [    Test worker] c.k.p.facade.ShopServiceTestSuite        : Starting ShopServiceTestSuite on MacBook-Pro-DarekMarta.local with PID 888 (started by darekmarta in /Users/darekmarta/IdeaProjects/kodilla-course/kodilla-patterns2)
2020-05-23 21:59:17.646  INFO 888 --- [    Test worker] c.k.p.facade.ShopServiceTestSuite        : No active profile set, falling back to default profiles: default
2020-05-23 21:59:19.080  INFO 888 --- [    Test worker] c.k.p.facade.ShopServiceTestSuite        : Started ShopServiceTestSuite in 16.923 seconds (JVM running for 20.051)
Registering new order, ID: -1
Access denied. User is not authenticated.
2020-05-23 21:59:19.640  INFO 888 --- [    Test worker] c.k.patterns2.facade.api.OrderFacade     : Registering new order, ID: 1
2020-05-23 21:59:19.645  INFO 888 --- [    Test worker] c.k.patterns2.facade.api.OrderFacade     : Adding item 10, 2.0 pcs
2020-05-23 21:59:19.679  INFO 888 --- [    Test worker] c.k.patterns2.facade.api.OrderFacade     : Adding item 216, 1.0 pcs
2020-05-23 21:59:19.679  INFO 888 --- [    Test worker] c.k.patterns2.facade.api.OrderFacade     : Adding item 25, 1.0 pcs
2020-05-23 21:59:19.679  INFO 888 --- [    Test worker] c.k.patterns2.facade.api.OrderFacade     : Adding item 11, 3.0 pcs
2020-05-23 21:59:19.681  INFO 888 --- [    Test worker] c.k.patterns2.facade.api.OrderFacade     : Order value is: 4137 USD
2020-05-23 21:59:19.681  INFO 888 --- [    Test worker] c.k.patterns2.facade.api.OrderFacade     : Payment for order was done
2020-05-23 21:59:19.682 ERROR 888 --- [    Test worker] c.k.patterns2.facade.api.OrderFacade     : Verification error
2020-05-23 21:59:19.683  INFO 888 --- [    Test worker] c.k.patterns2.facade.api.OrderFacade     : Cancelling order 1
]]></system-out>
  <system-err><![CDATA[]]></system-err>
</testsuite>
